SF:/app/crates/gray-scott/src/lib.rs
FN:342,_RNvNtCsiVytvNXkgmF_10gray_scott16additional_testss_23test_gray_scott_getters
FN:127,_RNvMCsiVytvNXkgmF_10gray_scottNtB2_9GrayScott12add_chemical
FN:229,_RNvMCsiVytvNXkgmF_10gray_scottNtB2_9GrayScott17compute_laplacian
FN:201,_RNvMCsiVytvNXkgmF_10gray_scottNtB2_9GrayScott17update_sequential
FN:91,_RNvMCsiVytvNXkgmF_10gray_scottNtB2_9GrayScott1u
FN:95,_RNvMCsiVytvNXkgmF_10gray_scottNtB2_9GrayScott1v
FN:68,_RNvMCsiVytvNXkgmF_10gray_scottNtB2_9GrayScott3new
FN:83,_RNvMCsiVytvNXkgmF_10gray_scottNtB2_9GrayScott5width
FN:87,_RNvMCsiVytvNXkgmF_10gray_scottNtB2_9GrayScott6height
FN:154,_RNvMCsiVytvNXkgmF_10gray_scottNtB2_9GrayScott6update
FN:113,_RNvMCsiVytvNXkgmF_10gray_scottNtB2_9GrayScott9get_index
FN:294,_RNvNtCsiVytvNXkgmF_10gray_scott5testss_11test_update
FN:286,_RNvNtCsiVytvNXkgmF_10gray_scott5testss_17test_add_chemical
FN:278,_RNvNtCsiVytvNXkgmF_10gray_scott5testss_19test_initialization
FN:330,_RNvNtCsiVytvNXkgmF_10gray_scott5testss_20test_zero_dimensions
FN:319,_RNvNtCsiVytvNXkgmF_10gray_scott5testss_24test_add_chemical_bounds
FNDA:1,_RNvNtCsiVytvNXkgmF_10gray_scott16additional_testss_23test_gray_scott_getters
FNDA:3,_RNvMCsiVytvNXkgmF_10gray_scottNtB2_9GrayScott12add_chemical
FNDA:100,_RNvMCsiVytvNXkgmF_10gray_scottNtB2_9GrayScott17compute_laplacian
FNDA:2,_RNvMCsiVytvNXkgmF_10gray_scottNtB2_9GrayScott17update_sequential
FNDA:1,_RNvMCsiVytvNXkgmF_10gray_scottNtB2_9GrayScott1u
FNDA:1,_RNvMCsiVytvNXkgmF_10gray_scottNtB2_9GrayScott1v
FNDA:6,_RNvMCsiVytvNXkgmF_10gray_scottNtB2_9GrayScott3new
FNDA:1,_RNvMCsiVytvNXkgmF_10gray_scottNtB2_9GrayScott5width
FNDA:1,_RNvMCsiVytvNXkgmF_10gray_scottNtB2_9GrayScott6height
FNDA:2,_RNvMCsiVytvNXkgmF_10gray_scottNtB2_9GrayScott6update
FNDA:6,_RNvMCsiVytvNXkgmF_10gray_scottNtB2_9GrayScott9get_index
FNDA:1,_RNvNtCsiVytvNXkgmF_10gray_scott5testss_11test_update
FNDA:1,_RNvNtCsiVytvNXkgmF_10gray_scott5testss_17test_add_chemical
FNDA:1,_RNvNtCsiVytvNXkgmF_10gray_scott5testss_19test_initialization
FNDA:1,_RNvNtCsiVytvNXkgmF_10gray_scott5testss_20test_zero_dimensions
FNDA:1,_RNvNtCsiVytvNXkgmF_10gray_scott5testss_24test_add_chemical_bounds
FNF:16
FNH:16
DA:68,6
DA:69,6
DA:70,6
DA:71,6
DA:72,6
DA:73,6
DA:74,6
DA:75,6
DA:76,6
DA:77,6
DA:78,6
DA:79,6
DA:80,6
DA:81,6
DA:83,1
DA:84,1
DA:85,1
DA:87,1
DA:88,1
DA:89,1
DA:91,1
DA:92,1
DA:93,1
DA:95,1
DA:96,1
DA:97,1
DA:113,6
DA:114,6
DA:115,6
DA:127,3
DA:128,3
DA:129,1
DA:130,2
DA:131,2
DA:132,2
DA:133,2
DA:134,2
DA:135,3
DA:154,2
DA:159,2
DA:160,2
DA:201,2
DA:202,2
DA:203,2
DA:204,2
DA:205,2
DA:207,10
DA:208,100
DA:209,100
DA:210,100
DA:211,100
DA:212,100
DA:213,100
DA:214,100
DA:215,100
DA:216,100
DA:217,100
DA:218,100
DA:219,100
DA:220,100
DA:221,100
DA:224,2
DA:225,2
DA:226,2
DA:229,100
DA:230,100
DA:231,100
DA:232,100
DA:233,100
DA:234,100
DA:235,100
DA:236,100
DA:237,100
DA:238,100
DA:239,100
DA:241,100
DA:242,100
DA:250,400
DA:251,1200
DA:252,900
DA:253,900
DA:254,900
DA:256,900
DA:257,100
DA:258,800
DA:259,400
DA:261,400
DA:264,900
DA:265,900
DA:269,100
DA:270,100
DA:278,1
DA:279,1
DA:280,1
DA:281,1
DA:282,1
DA:283,1
DA:286,1
DA:287,1
DA:288,1
DA:289,1
DA:290,1
DA:291,1
DA:294,1
DA:295,1
DA:296,1
DA:298,1
DA:299,1
DA:301,1
DA:302,1
DA:305,1
DA:306,1
DA:307,1
DA:309,1
DA:312,1
DA:315,1
DA:316,1
DA:319,1
DA:320,1
DA:323,1
DA:325,1
DA:326,1
DA:327,1
DA:330,1
DA:331,1
DA:332,1
DA:333,1
DA:334,1
DA:342,1
DA:343,1
DA:344,1
DA:345,1
DA:346,1
DA:347,1
DA:348,1
BRF:0
BRH:0
LF:135
LH:135
end_of_record